Case #1:
Impossible
Case #2:
c....
Case #3:
c....
.....
.....
.....
*....
Case #4:
c...
....
*...
*...
****
Case #5:
c...*
....*
*****
*****
*****
Case #6:
c..**
...**
*****
Case #7:
c....
.....
*....
**...
*****
Case #8:
Impossible
Case #9:
c....
.....
***..
***..
*****
Case #10:
Impossible
Case #11:
Impossible
Case #12:
Impossible
Case #13:
c...
....
....
....
*...
Case #14:
c**
Case #15:
Impossible
Case #16:
Impossible
Case #17:
c....
.....
.....
.....
.....
Case #18:
Impossible
Case #19:
c.**
Case #20:
c...
....
**..
****
****
Case #21:
c..
...
...
...
*..
Case #22:
c...
....
**..
**..
Case #23:
c..
...
***
Case #24:
c
*
*
*
Case #25:
c...*
....*
*...*
Case #26:
Impossible
Case #27:
Impossible
Case #28:
c****
*****
*****
*****
Case #29:
Impossible
Case #30:
Impossible
Case #31:
c....
.....
**...
*****
Case #32:
c...
....
*...
*...
Case #33:
c...
....
*...
Case #34:
c..*
...*
Case #35:
c.**
..**
****
****
Case #36:
c...
....
****
****
****
Case #37:
c....
.....
.....
*....
Case #38:
c....
.....
.....
.....
..***
Case #39:
c.***
..***
*****
*****
Case #40:
c...*
....*
*...*
*****
Case #41:
c
.
.
.
Case #42:
c..*
...*
...*
****
****
Case #43:
c.
..
..
..
..
Case #44:
c..*
...*
...*
****
Case #45:
Impossible
Case #46:
c..
...
...
...
...
Case #47:
c....
.....
**...
Case #48:
c..
...
Case #49:
c**
***
Case #50:
c...
....
*...
*...
*...
Case #51:
c*
**
**
**
Case #52:
c....
.....
*****
Case #53:
c....
.....
***..
*****
*****
Case #54:
c...
....
*...
****
Case #55:
c.
..
..
**
Case #56:
c.
..
..
..
Case #57:
c..*
...*
****
****
****
Case #58:
c.
..
..
**
**
Case #59:
c...*
....*
*****
*****
Case #60:
c****
Case #61:
c..
...
...
Case #62:
c****
*****
Case #63:
c...
....
....
....
Case #64:
c..
...
*..
*..
Case #65:
Impossible
Case #66:
c....
.....
**...
***..
Case #67:
c..**
...**
Case #68:
Impossible
Case #69:
c....
.....
**...
**...
Case #70:
c..**
...**
...**
*****
Case #71:
c..**
...**
...**
Case #72:
c
.
.
Case #73:
c
.
.
.
.
Case #74:
c..
...
...
***
***
Case #75:
c****
*****
*****
*****
*****
Case #76:
Impossible
Case #77:
Impossible
Case #78:
c...
....
**..
****
Case #79:
Impossible
Case #80:
c...
....
****
****
Case #81:
c**
***
***
***
Case #82:
c....
.....
*****
*****
Case #83:
c.**
..**
****
****
****
Case #84:
c
.
.
*
Case #85:
Impossible
Case #86:
Impossible
Case #87:
c....
.....
.....
*....
*****
Case #88:
c
*
Case #89:
Impossible
Case #90:
Impossible
Case #91:
c..
...
***
***
***
Case #92:
c...
....
*...
****
****
Case #93:
c***
****
Case #94:
c...
....
**..
**..
****
Case #95:
Impossible
Case #96:
c*
**
**
Case #97:
Impossible
Case #98:
c.***
Case #99:
c..
...
...
***
Case #100:
c..**
Case #101:
c
.
*
Case #102:
c..
Case #103:
c..*
...*
...*
Case #104:
c...
....
....
....
....
Case #105:
Impossible
Case #106:
Impossible
Case #107:
Impossible
Case #108:
Impossible
Case #109:
c
.
.
.
*
Case #110:
Impossible
Case #111:
c.
..
**
**
**
Case #112:
c...
....
*...
**..
Case #113:
c....
.....
**...
**...
*****
Case #114:
Impossible
Case #115:
c
.
*
*
*
Case #116:
Impossible
Case #117:
c***
Case #118:
Impossible
Case #119:
c..
...
*..
*..
***
Case #120:
c....
.....
***..
***..
Case #121:
c.*
..*
***
***
***
Case #122:
c..
...
*..
Case #123:
c..**
...**
*****
*****
*****
Case #124:
Impossible
Case #125:
c...*
....*
*****
Case #126:
Impossible
Case #127:
Impossible
Case #128:
c....
.....
**...
*****
*****
Case #129:
c**
***
***
Case #130:
Impossible
Case #131:
c...
....
Case #132:
Impossible
Case #133:
c...
....
****
Case #134:
Impossible
Case #135:
c...
Case #136:
c..
...
...
...
***
Case #137:
c....
.....
*....
*....
*****
Case #138:
c....
.....
.....
Case #139:
Impossible
Case #140:
Impossible
Case #141:
c....
.....
*....
*....
Case #142:
Impossible
Case #143:
Impossible
Case #144:
c....
.....
*****
*****
*****
Case #145:
c.***
..***
*****
Case #146:
c...
....
....
Case #147:
c.***
..***
*****
*****
*****
Case #148:
Impossible
Case #149:
c***
****
****
Case #150:
c
*
*
Case #151:
c.
..
**
Case #152:
c....
.....
.....
.....
*...*
Case #153:
c.
..
..
..
**
Case #154:
c....
.....
***..
*****
Case #155:
c..*
...*
****
Case #156:
c...*
Case #157:
c....
.....
Case #158:
c.
..
Case #159:
c
*
*
*
*
Case #160:
c...
....
....
*...
Case #161:
c...
....
....
....
..**
Case #162:
c.*
..*
***
***
Case #163:
Impossible
Case #164:
c***
****
****
****
****
Case #165:
c...*
....*
Case #166:
c..**
...**
...**
*****
*****
Case #167:
Impossible
Case #168:
c****
*****
*****
Case #169:
c.
..
**
**
Case #170:
Impossible
Case #171:
Impossible
Case #172:
Impossible
Case #173:
c....
.....
*....
**...
Case #174:
c..
...
...
...
Case #175:
Impossible
Case #176:
c**
***
***
***
***
Case #177:
c....
.....
**...
***..
*****
Case #178:
c*
Case #179:
Impossible
Case #180:
Impossible
Case #181:
Impossible
Case #182:
c...
....
....
*...
****
Case #183:
Impossible
Case #184:
c***
****
****
****
Case #185:
c...
....
*...
**..
****
Case #186:
c*
**
**
**
**
Case #187:
c..*
Case #188:
Impossible
Case #189:
Impossible
Case #190:
c...
....
....
....
****
Case #191:
c....
.....
.....
.....
Case #192:
c
.
*
*
Case #193:
c...*
....*
*...*
*****
*****
Case #194:
c..
...
*..
***
Case #195:
c.
..
..
Case #196:
c..**
...**
*****
*****
Case #197:
c..
...
*..
***
***
Case #198:
c.
Case #199:
c
.
.
*
*
Case #200:
c....
.....
***..
Case #201:
c...
....
**..
Case #202:
c.***
..***
Case #203:
Impossible
Case #204:
c*
**
Case #205:
Impossible
Case #206:
c
.
Case #207:
c.*
..*
***
Case #208:
c..
...
***
***
Case #209:
Impossible
Case #210:
c..*
...*
****
****
Case #211:
Impossible
Case #212:
c.*
..*
Case #213:
c..
...
...
*..
*..
Case #214:
c....
.....
.....
.....
*****
Case #215:
c
Case #216:
c....
.....
*....
Case #217:
c..
...
...
*..
Case #218:
c.**
..**
Case #219:
Impossible
Case #220:
Impossible
Case #221:
c.*
Case #222:
c....
.....
*....
*....
**...
Case #223:
Impossible
Case #224:
c.**
..**
****
Case #225:
c..
...
...
*..
***